::1 - - [18/Jul/2016:21:37:49 +0300] "GET / HTTP/1.1" 200 46
::1 - - [18/Jul/2016:21:37:50 +0300] "GET /favicon.ico HTTP/1.1" 404 209
::1 - - [19/Jul/2016:20:14:48 +0300] "GET / HTTP/1.1" 200 46
::1 - - [19/Jul/2016:20:14:48 +0300] "GET /favicon.ico HTTP/1.1" 404 209
::1 - - [19/Jul/2016:20:15:45 +0300] "GET / HTTP/1.1" 200 16625
::1 - - [19/Jul/2016:20:15:45 +0300] "GET /img/ANR.png HTTP/1.1" 200 4076
::1 - - [19/Jul/2016:20:15:45 +0300] "GET /img/html5.png HTTP/1.1" 200 1595
::1 - - [19/Jul/2016:20:15:45 +0300] "GET /img/Repikhov.jpg HTTP/1.1" 200 89163
::1 - - [19/Jul/2016:20:15:45 +0300] "GET /img/css3.png HTTP/1.1" 200 1406
::1 - - [19/Jul/2016:20:15:45 +0300] "GET /img/ps.png HTTP/1.1" 200 1501
::1 - - [19/Jul/2016:20:15:45 +0300] "GET /img/ai.png HTTP/1.1" 200 1346
::1 - - [19/Jul/2016:20:15:45 +0300] "GET /css/animate.min.css HTTP/1.1" 200 53593
::1 - - [19/Jul/2016:20:15:45 +0300] "GET /font-awesome/css/font-awesome.min.css HTTP/1.1" 200 23739
::1 - - [19/Jul/2016:20:15:45 +0300] "GET /css/bootstrap.min.css HTTP/1.1" 200 121260
::1 - - [19/Jul/2016:20:15:45 +0300] "GET /css/creative.css HTTP/1.1" 200 19447
::1 - - [19/Jul/2016:20:15:45 +0300] "GET /js/jquery.js HTTP/1.1" 200 95785
::1 - - [19/Jul/2016:20:15:45 +0300] "GET /js/jquery.easing.1.3.min.js HTTP/1.1" 200 3524
::1 - - [19/Jul/2016:20:15:45 +0300] "GET /js/jquery.easing.min.js HTTP/1.1" 200 3591
::1 - - [19/Jul/2016:20:15:45 +0300] "GET /js/bootstrap.min.js HTTP/1.1" 200 36868
::1 - - [19/Jul/2016:20:15:45 +0300] "GET /js/wow.min.js HTTP/1.1" 200 8182
::1 - - [19/Jul/2016:20:15:45 +0300] "GET /js/main.js HTTP/1.1" 200 1424
::1 - - [19/Jul/2016:20:15:45 +0300] "GET /js/jquery.fittext.js HTTP/1.1" 200 492
::1 - - [19/Jul/2016:20:15:45 +0300] "GET /js/creative.js HTTP/1.1" 200 503
::1 - - [19/Jul/2016:20:15:45 +0300] "GET /img/cdr.png HTTP/1.1" 200 1413
::1 - - [19/Jul/2016:20:15:45 +0300] "GET /img/fz.png HTTP/1.1" 200 1499
::1 - - [19/Jul/2016:20:15:45 +0300] "GET /img/sublime.png HTTP/1.1" 200 1644
::1 - - [19/Jul/2016:20:15:45 +0300] "GET /img/portfolio/1.jpg HTTP/1.1" 200 1032687
::1 - - [19/Jul/2016:20:15:45 +0300] "GET /img/portfolio/2.jpg HTTP/1.1" 200 87463
::1 - - [19/Jul/2016:20:15:45 +0300] "GET /img/mail.png HTTP/1.1" 200 1835
::1 - - [19/Jul/2016:20:15:45 +0300] "GET /font-awesome/fonts/fontawesome-webfont.woff2?v=4.3.0 HTTP/1.1" 200 56780
::1 - - [19/Jul/2016:20:15:45 +0300] "GET /img/phone.png HTTP/1.1" 200 1799
::1 - - [19/Jul/2016:20:15:45 +0300] "GET /img/vk.png HTTP/1.1" 200 1827
::1 - - [19/Jul/2016:20:15:45 +0300] "GET /img/fb.png HTTP/1.1" 200 1504
::1 - - [19/Jul/2016:20:15:45 +0300] "GET /img/google.png HTTP/1.1" 200 2002
::1 - - [19/Jul/2016:20:15:45 +0300] "GET /img/yt.png HTTP/1.1" 200 1432
::1 - - [19/Jul/2016:20:15:45 +0300] "GET /img/portfolio/1.850.jpg HTTP/1.1" 200 399111
::1 - - [19/Jul/2016:20:15:45 +0300] "GET /img/portfolio/2.850.jpg HTTP/1.1" 200 107166
::1 - - [19/Jul/2016:20:15:45 +0300] "GET /img/bkg.jpg HTTP/1.1" 200 438180
::1 - - [19/Jul/2016:20:15:45 +0300] "GET /img/ru.png HTTP/1.1" 200 3798
::1 - - [19/Jul/2016:20:17:28 +0300] "GET / HTTP/1.1" 200 1537
::1 - - [19/Jul/2016:20:17:29 +0300] "GET /icons/blank.gif HTTP/1.1" 403 224
::1 - - [19/Jul/2016:20:17:29 +0300] "GET /icons/unknown.gif HTTP/1.1" 403 226
::1 - - [19/Jul/2016:20:17:29 +0300] "GET /icons/folder.gif HTTP/1.1" 403 225
::1 - - [19/Jul/2016:20:17:29 +0300] "GET /icons/text.gif HTTP/1.1" 403 223
::1 - - [19/Jul/2016:20:18:19 +0300] "GET / HTTP/1.1" 200 -
::1 - - [19/Jul/2016:20:18:25 +0300] "GET / HTTP/1.1" 200 -
::1 - - [19/Jul/2016:20:18:35 +0300] "GET / HTTP/1.1" 200 -
::1 - - [19/Jul/2016:20:18:39 +0300] "GET / HTTP/1.1" 200 -
::1 - - [19/Jul/2016:20:20:29 +0300] "GET / HTTP/1.1" 200 9258
::1 - - [19/Jul/2016:20:20:30 +0300] "GET /assets/css/main.css HTTP/1.1" 200 34651
::1 - - [19/Jul/2016:20:20:30 +0300] "GET /images/pic00.jpg HTTP/1.1" 200 10859
::1 - - [19/Jul/2016:20:20:30 +0300] "GET /assets/js/jquery.min.js HTTP/1.1" 200 95957
::1 - - [19/Jul/2016:20:20:30 +0300] "GET /assets/js/jquery.scrolly.min.js HTTP/1.1" 200 831
::1 - - [19/Jul/2016:20:20:30 +0300] "GET /images/pic01.jpg HTTP/1.1" 200 9936
::1 - - [19/Jul/2016:20:20:30 +0300] "GET /images/pic02.jpg HTTP/1.1" 200 9369
::1 - - [19/Jul/2016:20:20:30 +0300] "GET /assets/js/skel.min.js HTTP/1.1" 200 9085
::1 - - [19/Jul/2016:20:20:30 +0300] "GET /assets/js/skel-viewport.min.js HTTP/1.1" 200 1177
::1 - - [19/Jul/2016:20:20:30 +0300] "GET /images/pic03.jpg HTTP/1.1" 200 9180
::1 - - [19/Jul/2016:20:20:30 +0300] "GET /assets/js/util.js HTTP/1.1" 200 12433
::1 - - [19/Jul/2016:20:20:30 +0300] "GET /images/pic04.jpg HTTP/1.1" 200 9252
::1 - - [19/Jul/2016:20:20:30 +0300] "GET /assets/js/main.js HTTP/1.1" 200 1271
::1 - - [19/Jul/2016:20:20:30 +0300] "GET /images/pic05.jpg HTTP/1.1" 200 9913
::1 - - [19/Jul/2016:20:20:30 +0300] "GET /images/pic06.jpg HTTP/1.1" 200 9324
::1 - - [19/Jul/2016:20:20:30 +0300] "GET /assets/css/font-awesome.min.css HTTP/1.1" 200 29063
::1 - - [19/Jul/2016:20:20:30 +0300] "GET /assets/css/images/bg.png HTTP/1.1" 200 10120
::1 - - [19/Jul/2016:20:20:30 +0300] "GET /assets/fonts/fontawesome-webfont.woff2?v=4.6.3 HTTP/1.1" 200 71896
::1 - - [19/Jul/2016:20:22:34 +0300] "GET / HTTP/1.1" 200 17258
::1 - - [19/Jul/2016:20:22:44 +0300] "GET / HTTP/1.1" 200 17258
::1 - - [19/Jul/2016:20:47:01 +0300] "GET / HTTP/1.1" 200 17258
::1 - - [19/Jul/2016:20:53:32 +0300] "GET / HTTP/1.1" 200 17258
::1 - - [19/Jul/2016:21:25:53 +0300] "GET / HTTP/1.1" 200 17258
::1 - - [19/Jul/2016:21:25:53 +0300] "GET / HTTP/1.1" 200 17258
::1 - - [19/Jul/2016:21:28:30 +0300] "GET / HTTP/1.1" 200 46
::1 - - [19/Jul/2016:21:28:30 +0300] "GET /favicon.ico HTTP/1.1" 404 209
::1 - - [19/Jul/2016:21:28:47 +0300] "GET / HTTP/1.1" 200 66
::1 - - [19/Jul/2016:21:28:48 +0300] "GET / HTTP/1.1" 304 -
::1 - - [19/Jul/2016:21:28:49 +0300] "GET / HTTP/1.1" 304 -
::1 - - [19/Jul/2016:21:29:12 +0300] "GET / HTTP/1.1" 200 83
::1 - - [19/Jul/2016:21:29:13 +0300] "GET / HTTP/1.1" 304 -
::1 - - [19/Jul/2016:21:29:13 +0300] "GET / HTTP/1.1" 304 -
::1 - - [19/Jul/2016:21:29:13 +0300] "GET / HTTP/1.1" 304 -
::1 - - [19/Jul/2016:21:29:14 +0300] "GET / HTTP/1.1" 304 -
::1 - - [19/Jul/2016:21:32:43 +0300] "GET / HTTP/1.1" 304 -
::1 - - [19/Jul/2016:21:32:44 +0300] "GET / HTTP/1.1" 304 -
::1 - - [19/Jul/2016:21:32:44 +0300] "GET / HTTP/1.1" 304 -
::1 - - [19/Jul/2016:21:32:45 +0300] "GET / HTTP/1.1" 304 -
::1 - - [19/Jul/2016:21:32:45 +0300] "GET / HTTP/1.1" 304 -
::1 - - [19/Jul/2016:21:32:45 +0300] "GET / HTTP/1.1" 304 -
::1 - - [19/Jul/2016:21:32:45 +0300] "GET / HTTP/1.1" 304 -
::1 - - [19/Jul/2016:21:36:25 +0300] "GET / HTTP/1.1" 304 -
::1 - - [19/Jul/2016:21:36:25 +0300] "GET / HTTP/1.1" 304 -
::1 - - [19/Jul/2016:21:36:26 +0300] "GET / HTTP/1.1" 304 -
::1 - - [19/Jul/2016:21:36:26 +0300] "GET / HTTP/1.1" 304 -
::1 - - [19/Jul/2016:21:37:12 +0300] "GET / HTTP/1.1" 200 144
::1 - - [19/Jul/2016:21:37:13 +0300] "GET / HTTP/1.1" 304 -
::1 - - [19/Jul/2016:21:37:14 +0300] "GET / HTTP/1.1" 304 -
::1 - - [19/Jul/2016:21:37:14 +0300] "GET / HTTP/1.1" 304 -
::1 - - [19/Jul/2016:21:37:14 +0300] "GET / HTTP/1.1" 304 -
::1 - - [19/Jul/2016:21:37:15 +0300] "GET / HTTP/1.1" 304 -
::1 - - [19/Jul/2016:21:41:52 +0300] "GET / HTTP/1.1" 200 144
::1 - - [19/Jul/2016:21:41:53 +0300] "GET / HTTP/1.1" 304 -
::1 - - [19/Jul/2016:21:41:53 +0300] "GET / HTTP/1.1" 304 -
::1 - - [19/Jul/2016:21:41:53 +0300] "GET / HTTP/1.1" 304 -
::1 - - [19/Jul/2016:21:41:54 +0300] "GET / HTTP/1.1" 304 -
::1 - - [19/Jul/2016:21:44:36 +0300] "GET /info.php HTTP/1.1" 404 206
::1 - - [19/Jul/2016:21:44:59 +0300] "GET /phpmyadmin/ HTTP/1.1" 404 209
::1 - - [19/Jul/2016:21:45:36 +0300] "GET /phpinfo.php HTTP/1.1" 404 209
::1 - - [19/Jul/2016:21:46:04 +0300] "GET /phpinfo.php HTTP/1.1" 404 209
::1 - - [19/Jul/2016:21:57:46 +0300] "GET / HTTP/1.1" 304 -
::1 - - [19/Jul/2016:21:57:47 +0300] "GET / HTTP/1.1" 304 -
::1 - - [19/Jul/2016:21:57:48 +0300] "GET / HTTP/1.1" 304 -
::1 - - [19/Jul/2016:21:57:48 +0300] "GET / HTTP/1.1" 304 -
::1 - - [19/Jul/2016:21:57:48 +0300] "GET / HTTP/1.1" 304 -
::1 - - [19/Jul/2016:21:57:48 +0300] "GET / HTTP/1.1" 304 -
::1 - - [19/Jul/2016:21:57:49 +0300] "GET / HTTP/1.1" 304 -
::1 - - [19/Jul/2016:22:00:51 +0300] "GET /php.info HTTP/1.1" 404 206
::1 - - [19/Jul/2016:22:01:33 +0300] "GET / HTTP/1.1" 200 169
::1 - - [19/Jul/2016:22:10:35 +0300] "GET /index.php HTTP/1.1" 404 207
::1 - - [19/Jul/2016:22:11:40 +0300] "GET / HTTP/1.1" 304 -
::1 - - [19/Jul/2016:22:11:42 +0300] "GET / HTTP/1.1" 304 -
::1 - - [19/Jul/2016:22:11:42 +0300] "GET / HTTP/1.1" 304 -
::1 - - [19/Jul/2016:22:11:42 +0300] "GET / HTTP/1.1" 304 -
::1 - - [19/Jul/2016:22:11:42 +0300] "GET / HTTP/1.1" 304 -
::1 - - [19/Jul/2016:22:11:43 +0300] "GET / HTTP/1.1" 304 -
::1 - - [19/Jul/2016:22:11:43 +0300] "GET / HTTP/1.1" 304 -
::1 - - [19/Jul/2016:22:11:43 +0300] "GET / HTTP/1.1" 304 -
::1 - - [19/Jul/2016:22:11:44 +0300] "GET / HTTP/1.1" 304 -
::1 - - [19/Jul/2016:22:11:44 +0300] "GET / HTTP/1.1" 304 -
::1 - - [19/Jul/2016:22:11:45 +0300] "GET / HTTP/1.1" 304 -
::1 - - [19/Jul/2016:22:12:59 +0300] "GET /php.info HTTP/1.1" 404 206
::1 - - [19/Jul/2016:22:13:01 +0300] "GET / HTTP/1.1" 304 -
::1 - - [19/Jul/2016:22:13:02 +0300] "GET / HTTP/1.1" 304 -
::1 - - [19/Jul/2016:22:13:03 +0300] "GET / HTTP/1.1" 304 -
::1 - - [19/Jul/2016:22:13:03 +0300] "GET / HTTP/1.1" 304 -
::1 - - [19/Jul/2016:22:13:03 +0300] "GET / HTTP/1.1" 304 -
::1 - - [19/Jul/2016:22:13:04 +0300] "GET / HTTP/1.1" 304 -
::1 - - [19/Jul/2016:22:13:04 +0300] "GET / HTTP/1.1" 304 -
::1 - - [19/Jul/2016:22:13:05 +0300] "GET / HTTP/1.1" 304 -
::1 - - [19/Jul/2016:22:14:14 +0300] "GET / HTTP/1.1" 200 93180
::1 - - [19/Jul/2016:22:14:31 +0300] "GET / HTTP/1.1" 200 92581
::1 - - [19/Jul/2016:22:15:57 +0300] "GET / HTTP/1.1" 200 92346
::1 - - [19/Jul/2016:22:15:57 +0300] "GET / HTTP/1.1" 200 92346
::1 - - [19/Jul/2016:22:15:58 +0300] "GET /favicon.ico HTTP/1.1" 404 209
::1 - - [19/Jul/2016:22:16:58 +0300] "GET / HTTP/1.1" 200 151
::1 - - [19/Jul/2016:22:17:39 +0300] "GET / HTTP/1.1" 200 158
::1 - - [19/Jul/2016:22:18:09 +0300] "GET / HTTP/1.1" 200 92581
::1 - - [20/Jul/2016:19:29:00 +0300] "GET / HTTP/1.1" 200 92242
::1 - - [20/Jul/2016:19:29:01 +0300] "GET /favicon.ico HTTP/1.1" 404 209
::1 - - [20/Jul/2016:20:18:31 +0300] "GET / HTTP/1.1" 200 92242
::1 - - [20/Jul/2016:20:18:33 +0300] "GET /favicon.ico HTTP/1.1" 404 209
::1 - - [20/Jul/2016:20:23:52 +0300] "GET / HTTP/1.1" 200 23
::1 - - [20/Jul/2016:20:35:32 +0300] "GET / HTTP/1.1" 200 26
::1 - - [20/Jul/2016:20:47:22 +0300] "GET / HTTP/1.1" 200 170
::1 - - [20/Jul/2016:20:47:39 +0300] "GET / HTTP/1.1" 200 26
::1 - - [20/Jul/2016:20:49:47 +0300] "GET / HTTP/1.1" 200 32
::1 - - [20/Jul/2016:20:50:30 +0300] "GET / HTTP/1.1" 200 37
::1 - - [20/Jul/2016:20:59:58 +0300] "GET / HTTP/1.1" 200 171
::1 - - [20/Jul/2016:21:00:38 +0300] "GET / HTTP/1.1" 200 44
::1 - - [20/Jul/2016:21:01:00 +0300] "GET / HTTP/1.1" 200 40
::1 - - [20/Jul/2016:21:01:49 +0300] "GET / HTTP/1.1" 200 162
::1 - - [20/Jul/2016:21:01:58 +0300] "GET / HTTP/1.1" 200 40
::1 - - [20/Jul/2016:21:02:01 +0300] "GET / HTTP/1.1" 200 40
::1 - - [20/Jul/2016:21:02:22 +0300] "GET / HTTP/1.1" 200 44
::1 - - [20/Jul/2016:21:04:24 +0300] "GET / HTTP/1.1" 200 45
::1 - - [20/Jul/2016:21:04:26 +0300] "GET / HTTP/1.1" 200 45
::1 - - [20/Jul/2016:21:05:00 +0300] "GET / HTTP/1.1" 200 45
::1 - - [20/Jul/2016:21:05:30 +0300] "GET / HTTP/1.1" 200 49
::1 - - [20/Jul/2016:21:06:27 +0300] "GET / HTTP/1.1" 200 177
::1 - - [20/Jul/2016:21:06:38 +0300] "GET / HTTP/1.1" 200 54
::1 - - [20/Jul/2016:21:08:13 +0300] "GET / HTTP/1.1" 200 54
::1 - - [20/Jul/2016:21:13:15 +0300] "GET / HTTP/1.1" 200 155
::1 - - [20/Jul/2016:21:13:36 +0300] "GET / HTTP/1.1" 200 154
::1 - - [20/Jul/2016:21:13:58 +0300] "GET / HTTP/1.1" 200 64
::1 - - [20/Jul/2016:21:14:29 +0300] "GET / HTTP/1.1" 200 64
::1 - - [20/Jul/2016:21:15:14 +0300] "GET / HTTP/1.1" 200 66
::1 - - [20/Jul/2016:21:17:20 +0300] "GET / HTTP/1.1" 200 198
::1 - - [20/Jul/2016:21:18:50 +0300] "GET / HTTP/1.1" 200 198
::1 - - [20/Jul/2016:21:19:25 +0300] "GET / HTTP/1.1" 200 198
::1 - - [20/Jul/2016:21:21:09 +0300] "GET / HTTP/1.1" 200 198
::1 - - [20/Jul/2016:21:21:21 +0300] "GET / HTTP/1.1" 200 193
::1 - - [20/Jul/2016:21:22:56 +0300] "GET / HTTP/1.1" 200 199
::1 - - [20/Jul/2016:21:23:59 +0300] "GET / HTTP/1.1" 200 211
::1 - - [20/Jul/2016:21:25:03 +0300] "GET / HTTP/1.1" 200 89
::1 - - [20/Jul/2016:23:14:29 +0300] "GET / HTTP/1.1" 200 89
::1 - - [20/Jul/2016:23:14:30 +0300] "GET /favicon.ico HTTP/1.1" 404 209
::1 - - [23/Jul/2016:08:09:11 +0300] "GET / HTTP/1.1" 200 89
::1 - - [23/Jul/2016:08:09:19 +0300] "GET /favicon.ico HTTP/1.1" 404 209
::1 - - [23/Jul/2016:08:31:40 +0300] "GET / HTTP/1.1" 200 153
::1 - - [23/Jul/2016:08:31:52 +0300] "GET / HTTP/1.1" 200 90
::1 - - [23/Jul/2016:08:32:05 +0300] "GET / HTTP/1.1" 200 90
::1 - - [23/Jul/2016:08:32:25 +0300] "GET / HTTP/1.1" 200 89
::1 - - [23/Jul/2016:08:33:00 +0300] "GET / HTTP/1.1" 200 104
::1 - - [23/Jul/2016:08:33:16 +0300] "GET / HTTP/1.1" 200 89
::1 - - [23/Jul/2016:08:52:36 +0300] "GET / HTTP/1.1" 200 89
::1 - - [23/Jul/2016:08:52:37 +0300] "GET / HTTP/1.1" 200 89
::1 - - [23/Jul/2016:08:52:38 +0300] "GET / HTTP/1.1" 200 89
::1 - - [23/Jul/2016:09:15:09 +0300] "GET / HTTP/1.1" 200 89
::1 - - [23/Jul/2016:09:16:47 +0300] "GET / HTTP/1.1" 200 89
::1 - - [23/Jul/2016:09:20:46 +0300] "GET / HTTP/1.1" 200 89
::1 - - [23/Jul/2016:09:21:31 +0300] "GET / HTTP/1.1" 200 89
::1 - - [23/Jul/2016:09:25:08 +0300] "GET / HTTP/1.1" 200 89
::1 - - [23/Jul/2016:09:25:28 +0300] "GET / HTTP/1.1" 200 89
::1 - - [23/Jul/2016:09:42:57 +0300] "GET / HTTP/1.1" 200 89
::1 - - [23/Jul/2016:09:42:58 +0300] "GET /favicon.ico HTTP/1.1" 404 209
127.0.0.1 - - [23/Jul/2016:09:49:42 +0300] "HEAD / HTTP/1.1" 200 -
127.0.0.1 - - [23/Jul/2016:09:49:47 +0300] "GET / HTTP/1.1" 200 89
127.0.0.1 - - [23/Jul/2016:09:49:47 +0300] "GET /favicon.ico HTTP/1.1" 404 209
::1 - - [23/Jul/2016:09:51:08 +0300] "GET / HTTP/1.1" 200 89
127.0.0.1 - - [23/Jul/2016:09:51:48 +0300] "GET / HTTP/1.1" 200 83
::1 - - [23/Jul/2016:09:51:50 +0300] "GET / HTTP/1.1" 200 83
::1 - - [23/Jul/2016:09:51:53 +0300] "GET / HTTP/1.1" 200 83
::1 - - [23/Jul/2016:09:51:54 +0300] "GET / HTTP/1.1" 200 83
127.0.0.1 - - [23/Jul/2016:09:51:55 +0300] "GET / HTTP/1.1" 200 83
::1 - - [23/Jul/2016:09:51:57 +0300] "GET / HTTP/1.1" 200 83
127.0.0.1 - - [23/Jul/2016:09:51:58 +0300] "GET / HTTP/1.1" 200 83
127.0.0.1 - - [23/Jul/2016:09:57:52 +0300] "GET / HTTP/1.1" 200 87
::1 - - [23/Jul/2016:09:57:54 +0300] "GET / HTTP/1.1" 200 87
::1 - - [23/Jul/2016:09:58:09 +0300] "GET / HTTP/1.1" 200 83
127.0.0.1 - - [23/Jul/2016:09:58:11 +0300] "GET / HTTP/1.1" 200 83
127.0.0.1 - - [23/Jul/2016:09:58:11 +0300] "GET / HTTP/1.1" 200 83
127.0.0.1 - - [23/Jul/2016:09:58:12 +0300] "GET / HTTP/1.1" 200 83
::1 - - [23/Jul/2016:09:58:13 +0300] "GET / HTTP/1.1" 200 83
::1 - - [23/Jul/2016:09:58:40 +0300] "GET / HTTP/1.1" 200 89
::1 - - [23/Jul/2016:09:58:44 +0300] "GET / HTTP/1.1" 200 89
::1 - - [23/Jul/2016:09:59:14 +0300] "GET / HTTP/1.1" 200 89
::1 - - [23/Jul/2016:09:59:17 +0300] "GET / HTTP/1.1" 200 89
::1 - - [23/Jul/2016:10:03:12 +0300] "GET / HTTP/1.1" 200 89
::1 - - [23/Jul/2016:10:03:14 +0300] "GET / HTTP/1.1" 200 89
::1 - - [23/Jul/2016:10:05:13 +0300] "GET / HTTP/1.1" 200 89
::1 - - [23/Jul/2016:13:26:57 +0300] "GET / HTTP/1.1" 200 89
::1 - - [23/Jul/2016:13:26:58 +0300] "GET /favicon.ico HTTP/1.1" 404 209
