[Tue Jul 19 20:17:29.115928 2016] [authz_core:error] [pid 3912:tid 1672] [client ::1:50039] AH01630: client denied by server configuration: E:/Server/web/apache/icons, referer: http://localhost/
[Tue Jul 19 20:17:29.117929 2016] [authz_core:error] [pid 3912:tid 1656] [client ::1:50040] AH01630: client denied by server configuration: E:/Server/web/apache/icons, referer: http://localhost/
[Tue Jul 19 20:17:29.120931 2016] [authz_core:error] [pid 3912:tid 1672] [client ::1:50039] AH01630: client denied by server configuration: E:/Server/web/apache/icons, referer: http://localhost/
[Tue Jul 19 20:17:29.126935 2016] [authz_core:error] [pid 3912:tid 1672] [client ::1:50039] AH01630: client denied by server configuration: E:/Server/web/apache/icons, referer: http://localhost/
[Tue Jul 19 22:10:35.987224 2016] [:error] [pid 2472:tid 1748] [client ::1:50871] script 'E:/Server/domains/localhost/public_html/index.php' not found or unable to stat, referer: http://blog.denisbondar.com/post/apache24php56win7
[Tue Jul 19 22:16:58.080089 2016] [:error] [pid 4804:tid 1780] [client ::1:51020] PHP Fatal error:  Call to undefined function get_header() in E:\\Server\\domains\\localhost\\public_html\\index.php on line 7
[Tue Jul 19 22:17:39.835057 2016] [:error] [pid 4804:tid 1780] [client ::1:51038] PHP Fatal error:  Call to undefined function evolve_get_option() in E:\\Server\\domains\\localhost\\public_html\\index.php on line 9
[Wed Jul 20 20:47:22.449028 2016] [:error] [pid 4644:tid 1748] [client ::1:50014] PHP Parse error:  syntax error, unexpected '\xd0\xba\xd0\xbe\xd0\xbc\xd0\xb5\xd0\xbd\xd1\x82\xd0\xb0\xd1\x80\xd0\xb8\xd0\xb9' (T_STRING) in E:\\Server\\domains\\localhost\\public_html\\index.php on line 7
[Wed Jul 20 20:59:58.461265 2016] [:error] [pid 4644:tid 1744] [client ::1:50036] PHP Parse error:  syntax error, unexpected end of file, expecting ',' or ';' in E:\\Server\\domains\\localhost\\public_html\\index.php on line 20
[Wed Jul 20 21:01:49.936698 2016] [:error] [pid 4644:tid 1744] [client ::1:50043] PHP Parse error:  syntax error, unexpected '$boxWidth' (T_VARIABLE) in E:\\Server\\domains\\localhost\\public_html\\index.php on line 14
[Wed Jul 20 21:06:27.046003 2016] [:error] [pid 4644:tid 1744] [client ::1:50061] PHP Parse error:  syntax error, unexpected '$a' (T_VARIABLE), expecting ',' or ';' in E:\\Server\\domains\\localhost\\public_html\\index.php on line 29
[Wed Jul 20 21:13:15.316459 2016] [:error] [pid 4644:tid 1744] [client ::1:50086] PHP Parse error:  syntax error, unexpected 'ffff' (T_STRING) in E:\\Server\\domains\\localhost\\public_html\\index.php on line 21
[Wed Jul 20 21:13:36.921832 2016] [:error] [pid 4644:tid 1744] [client ::1:50090] PHP Parse error:  syntax error, unexpected 'fff' (T_STRING) in E:\\Server\\domains\\localhost\\public_html\\index.php on line 39
[Wed Jul 20 21:17:20.877555 2016] [:error] [pid 4644:tid 1744] [client ::1:50105] PHP Warning:  Division by zero in E:\\Server\\domains\\localhost\\public_html\\index.php on line 50
[Wed Jul 20 21:18:50.188235 2016] [:error] [pid 4644:tid 1744] [client ::1:50108] PHP Warning:  Division by zero in E:\\Server\\domains\\localhost\\public_html\\index.php on line 51
[Wed Jul 20 21:19:25.405573 2016] [:error] [pid 4644:tid 1744] [client ::1:50112] PHP Warning:  Division by zero in E:\\Server\\domains\\localhost\\public_html\\index.php on line 51
[Wed Jul 20 21:21:09.182518 2016] [:error] [pid 4644:tid 1744] [client ::1:50115] PHP Warning:  Division by zero in E:\\Server\\domains\\localhost\\public_html\\index.php on line 51
[Wed Jul 20 21:21:21.794162 2016] [:error] [pid 4644:tid 1744] [client ::1:50117] PHP Warning:  Division by zero in E:\\Server\\domains\\localhost\\public_html\\index.php on line 51
[Wed Jul 20 21:22:56.344773 2016] [:error] [pid 4644:tid 1744] [client ::1:50120] PHP Warning:  Division by zero in E:\\Server\\domains\\localhost\\public_html\\index.php on line 51
[Wed Jul 20 21:23:59.660877 2016] [:error] [pid 4644:tid 1744] [client ::1:50122] PHP Warning:  Division by zero in E:\\Server\\domains\\localhost\\public_html\\index.php on line 51
[Sat Jul 23 08:31:40.895744 2016] [:error] [pid 4644:tid 1708] [client ::1:57389] PHP Parse error:  syntax error, unexpected '3' (T_LNUMBER) in E:\\Server\\domains\\localhost\\public_html\\index.php on line 31
